<?xml version="1.0" encoding="UTF-8"?>
<!-- Generated by org.testng.reporters.JUnitReportReporter -->
<testsuite hostname="LAPTOP-0OPSNOVC" failures="0" tests="2" name="qaclickacademy.AppiumTest" time="0.002" errors="0" timestamp="2020-04-20T13:46:32 EDT" skipped="0">
  <testcase classname="qaclickacademy.AppiumTest" name="MobileAuomation" time="0.002"/>
  <system-out/>
  <testcase classname="qaclickacademy.AppiumTest" name="IOSAuomation" time="0.000"/>
  <system-out/>
</testsuite> <!-- qaclickacademy.AppiumTest -->
